#
# There is insufficient memory for the Java Runtime Environment to continue.
# Native memory allocation (malloc) failed to allocate 1523216 bytes for Chunk::new
# Possible reasons:
#   The system is out of physical RAM or swap space
#   In 32 bit mode, the process size limit was hit
# Possible solutions:
#   Reduce memory load on the system
#   Increase physical memory or swap space
#   Check if swap backing store is full
#   Use 64 bit Java on a 64 bit OS
#   Decrease Java heap size (-Xmx/-Xms)
#   Decrease number of Java threads
#   Decrease Java thread stack sizes (-Xss)
#   Set larger code cache with -XX:ReservedCodeCacheSize=
# This output file may be truncated or incomplete.
#
#  Out of Memory Error (allocation.cpp:390), pid=17660, tid=0x00000000000045d0
#
# JRE version: OpenJDK Runtime Environment (8.0_152-b01) (build 1.8.0_152-release-915-b01)
# Java VM: OpenJDK 64-Bit Server VM (25.152-b01 mixed mode windows-amd64 compressed oops)
# Failed to write core dump. Minidumps are not enabled by default on client versions of Windows
#

---------------  T H R E A D  ---------------

Current thread (0x0000000018a8f800):  JavaThread "C2 CompilerThread1" daemon [_thread_in_native, id=17872, stack(0x000000001a1d0000,0x000000001a2d0000)]

Stack: [0x000000001a1d0000,0x000000001a2d0000]
[error occurred during error reporting (printing stack bounds), id 0xc0000005]

Native frames: (J=compiled Java code, j=interpreted, Vv=VM code, C=native code)


Current CompileTask:
C2:  58071 3847       4       java.net.URLClassLoader$1::run (5 bytes)


---------------  P R O C E S S  ---------------

Java Threads: ( => current thread )
  0x000000001f258000 JavaThread "Memory manager" [_thread_blocked, id=18344, stack(0x00000000236c0000,0x00000000237c0000)]
  0x000000001f255000 JavaThread "build operations Thread 4" [_thread_blocked, id=18396, stack(0x0000000022fc0000,0x00000000230c0000)]
  0x000000001f256800 JavaThread "build operations Thread 3" [_thread_blocked, id=18404, stack(0x0000000022ec0000,0x0000000022fc0000)]
  0x000000001afa1800 JavaThread "build operations Thread 2" [_thread_blocked, id=18408, stack(0x0000000022dc0000,0x0000000022ec0000)]
  0x000000001afa0000 JavaThread "build operations" [_thread_blocked, id=14584, stack(0x0000000022cc0000,0x0000000022dc0000)]
  0x000000001afa4000 JavaThread "Cache worker for Artifact transforms cache (C:\Users\eric\.gradle\caches\transforms-1)" [_thread_blocked, id=17952, stack(0x000000001eb90000,0x000000001ec90000)]
  0x000000001b8f2800 JavaThread "Cache worker for file hash cache (C:\Users\eric\AndroidStudioProjects\RentInzu\.gradle\4.1\fileHashes)" [_thread_blocked, id=17044, stack(0x000000001e890000,0x000000001e990000)]
  0x000000001a5c4800 JavaThread "File lock request listener" [_thread_in_native, id=7624, stack(0x000000001d5c0000,0x000000001d6c0000)]
  0x000000001ad93800 JavaThread "Cache worker for file hash cache (C:\Users\eric\.gradle\caches\4.1\fileHashes)" [_thread_blocked, id=18428, stack(0x000000001d4c0000,0x000000001d5c0000)]
  0x000000001adb7000 JavaThread "Stdin handler" [_thread_blocked, id=18256, stack(0x000000001d3c0000,0x000000001d4c0000)]
  0x000000001adb5800 JavaThread "Asynchronous log dispatcher for DefaultDaemonConnection: socket connection from /127.0.0.1:16882 to /127.0.0.1:16883" [_thread_blocked, id=18252, stack(0x000000001d2c0000,0x000000001d3c0000)]
  0x000000001adb4800 JavaThread "Daemon worker" [_thread_in_native, id=18240, stack(0x000000001d1c0000,0x000000001d2c0000)]
  0x000000001a567000 JavaThread "Cancel handler" [_thread_blocked, id=18212, stack(0x000000001d0c0000,0x000000001d1c0000)]
  0x000000001ada9000 JavaThread "Handler for socket connection from /127.0.0.1:16882 to /127.0.0.1:16883" [_thread_in_native, id=18132, stack(0x000000001cdc0000,0x000000001cec0000)]
  0x000000001ada4000 JavaThread "Daemon" [_thread_blocked, id=18128, stack(0x000000001ccc0000,0x000000001cdc0000)]
  0x000000001aefc000 JavaThread "Daemon periodic checks" [_thread_blocked, id=18084, stack(0x000000001cbc0000,0x000000001ccc0000)]
  0x000000001b7fd000 JavaThread "Incoming local TCP Connector on port 16882" [_thread_in_native, id=18072, stack(0x000000001c6e0000,0x000000001c7e0000)]
  0x000000001a3f1000 JavaThread "Service Thread" daemon [_thread_blocked, id=17880, stack(0x000000001a7d0000,0x000000001a8d0000)]
  0x0000000018ac6800 JavaThread "C1 CompilerThread2" daemon [_thread_blocked, id=17876, stack(0x000000001a2d0000,0x000000001a3d0000)]
=>0x0000000018a8f800 JavaThread "C2 CompilerThread1" daemon [_thread_in_native, id=17872, stack(0x000000001a1d0000,0x000000001a2d0000)]
  0x0000000018a8c800 JavaThread "C2 CompilerThread0" daemon [_thread_blocked, id=17868, stack(0x000000001a0d0000,0x000000001a1d0000)]
  0x0000000018a99800 JavaThread "Attach Listener" daemon [_thread_blocked, id=17864, stack(0x0000000019fd0000,0x000000001a0d0000)]
  0x0000000018a98000 JavaThread "Signal Dispatcher" daemon [_thread_blocked, id=17860, stack(0x0000000019ed0000,0x0000000019fd0000)]
  0x000000000511d800 JavaThread "Finalizer" daemon [_thread_blocked, id=17856, stack(0x0000000019ce0000,0x0000000019de0000)]
  0x0000000005112800 JavaThread "Reference Handler" daemon [_thread_blocked, id=17852, stack(0x0000000019be0000,0x0000000019ce0000)]
  0x000000000383e800 JavaThread "main" [_thread_blocked, id=17828, stack(0x00000000036f0000,0x00000000037f0000)]

Other Threads:
  0x0000000018a55800 VMThread [stack: 0x0000000019ae0000,0x0000000019be0000] [id=17848]
  0x000000001a3f3000 WatcherThread [stack: 0x000000001a8d0000,0x000000001a9d0000] [id=17884]

VM state:not at safepoint (normal execution)

VM Mutex/Monitor currently owned by a thread: None

Heap:
 PSYoungGen      total 43008K, used 21981K [0x00000000e0000000, 0x00000000e3280000, 0x0000000100000000)
  eden space 36864K, 59% used [0x00000000e0000000,0x00000000e1577778,0x00000000e2400000)
  from space 6144K, 0% used [0x00000000e2b00000,0x00000000e2b00000,0x00000000e3100000)
  to   space 7168K, 0% used [0x00000000e2400000,0x00000000e2400000,0x00000000e2b00000)
 ParOldGen       total 57856K, used 15095K [0x00000000a0000000, 0x00000000a3880000, 0x00000000e0000000)
  object space 57856K, 26% used [0x00000000a0000000,0x00000000a0ebdcc0,0x00000000a3880000)
 Metaspace       used 37351K, capacity 38074K, committed 38360K, reserved 1083392K
  class space    used 5030K, capacity 5295K, committed 5376K, reserved 1048576K

Card table byte_map: [0x00000000144e0000,0x00000000147f0000] byte_map_base: 0x0000000013fe0000

Marking Bits: (ParMarkBitMap*) 0x000000005d733950
 Begin Bits: [0x0000000014df0000, 0x00000000165f0000)
 End Bits:   [0x00000000165f0000, 0x0000000017df0000)

Polling page: 0x0000000003290000

CodeCache: size=245760Kb used=12148Kb max_used=13016Kb free=233611Kb
 bounds [0x0000000005120000, 0x0000000005df0000, 0x0000000014120000]
 total_blobs=4113 nmethods=3401 adapters=625
 compilation: enabled

Compilation events (10 events):
Event: 57.899 Thread 0x0000000018ac6800 3904       3       org.gradle.internal.remote.internal.inet.SocketConnection$SocketOutputStream::write (78 bytes)
Event: 57.900 Thread 0x0000000018ac6800 nmethod 3904 0x00000000055f81d0 code [0x00000000055f83c0, 0x00000000055f8cf8]
Event: 57.900 Thread 0x0000000018ac6800 3900   !   3       org.gradle.internal.remote.internal.inet.SocketConnection::dispatch (134 bytes)
Event: 57.905 Thread 0x0000000018ac6800 nmethod 3900 0x0000000005aad790 code [0x0000000005aadcc0, 0x0000000005ab13c8]
Event: 57.906 Thread 0x0000000018ac6800 3901       3       org.gradle.internal.serialize.Serializers$StatefulSerializerAdapter$2::write (18 bytes)
Event: 57.906 Thread 0x0000000018ac6800 nmethod 3901 0x00000000055e7c10 code [0x00000000055e7d80, 0x00000000055e7fc8]
Event: 57.906 Thread 0x0000000018ac6800 3902   !   3       org.gradle.launcher.daemon.server.SynchronizedDispatchConnection::flush (27 bytes)
Event: 57.906 Thread 0x0000000018ac6800 nmethod 3902 0x00000000055fc190 code [0x00000000055fc300, 0x00000000055fc6c8]
Event: 57.906 Thread 0x0000000018ac6800 3903   !   3       org.gradle.internal.remote.internal.inet.SocketConnection::flush (46 bytes)
Event: 57.908 Thread 0x0000000018ac6800 nmethod 3903 0x0000000005b977d0 code [0x0000000005b97a20, 0x0000000005b988d8]

GC Heap History (10 events):
Event: 33.223 GC heap before
{Heap before GC invocations=16 (full 1):
 PSYoungGen      total 30720K, used 29365K [0x00000000e0000000, 0x00000000e2480000, 0x0000000100000000)
  eden space 25088K, 100% used [0x00000000e0000000,0x00000000e1880000,0x00000000e1880000)
  from space 5632K, 75% used [0x00000000e1f00000,0x00000000e232d5c0,0x00000000e2480000)
  to   space 6144K, 0% used [0x00000000e1880000,0x00000000e1880000,0x00000000e1e80000)
 ParOldGen       total 32768K, used 7690K [0x00000000a0000000, 0x00000000a2000000, 0x00000000e0000000)
  object space 32768K, 23% used [0x00000000a0000000,0x00000000a0782a50,0x00000000a2000000)
 Metaspace       used 30014K, capacity 30572K, committed 30720K, reserved 1075200K
  class space    used 4117K, capacity 4319K, committed 4352K, reserved 1048576K
Event: 33.237 GC heap after
Heap after GC invocations=16 (full 1):
 PSYoungGen      total 31232K, used 4653K [0x00000000e0000000, 0x00000000e2c00000, 0x0000000100000000)
  eden space 25088K, 0% used [0x00000000e0000000,0x00000000e0000000,0x00000000e1880000)
  from space 6144K, 75% used [0x00000000e1880000,0x00000000e1d0b7b0,0x00000000e1e80000)
  to   space 6144K, 0% used [0x00000000e2600000,0x00000000e2600000,0x00000000e2c00000)
 ParOldGen       total 32768K, used 8386K [0x00000000a0000000, 0x00000000a2000000, 0x00000000e0000000)
  object space 32768K, 25% used [0x00000000a0000000,0x00000000a0830a60,0x00000000a2000000)
 Metaspace       used 30014K, capacity 30572K, committed 30720K, reserved 1075200K
  class space    used 4117K, capacity 4319K, committed 4352K, reserved 1048576K
}
Event: 36.838 GC heap before
{Heap before GC invocations=17 (full 1):
 PSYoungGen      total 31232K, used 29741K [0x00000000e0000000, 0x00000000e2c00000, 0x0000000100000000)
  eden space 25088K, 100% used [0x00000000e0000000,0x00000000e1880000,0x00000000e1880000)
  from space 6144K, 75% used [0x00000000e1880000,0x00000000e1d0b7b0,0x00000000e1e80000)
  to   space 6144K, 0% used [0x00000000e2600000,0x00000000e2600000,0x00000000e2c00000)
 ParOldGen       total 32768K, used 8386K [0x00000000a0000000, 0x00000000a2000000, 0x00000000e0000000)
  object space 32768K, 25% used [0x00000000a0000000,0x00000000a0830a60,0x00000000a2000000)
 Metaspace       used 30304K, capacity 30892K, committed 31232K, reserved 1077248K
  class space    used 4129K, capacity 4319K, committed 4352K, reserved 1048576K
Event: 36.853 GC heap after
Heap after GC invocations=17 (full 1):
 PSYoungGen      total 37888K, used 2624K [0x00000000e0000000, 0x00000000e2b80000, 0x0000000100000000)
  eden space 32256K, 0% used [0x00000000e0000000,0x00000000e0000000,0x00000000e1f80000)
  from space 5632K, 46% used [0x00000000e2600000,0x00000000e2890000,0x00000000e2b80000)
  to   space 6144K, 0% used [0x00000000e1f80000,0x00000000e1f80000,0x00000000e2580000)
 ParOldGen       total 32768K, used 9342K [0x00000000a0000000, 0x00000000a2000000, 0x00000000e0000000)
  object space 32768K, 28% used [0x00000000a0000000,0x00000000a091fa70,0x00000000a2000000)
 Metaspace       used 30304K, capacity 30892K, committed 31232K, reserved 1077248K
  class space    used 4129K, capacity 4319K, committed 4352K, reserved 1048576K
}
Event: 41.104 GC heap before
{Heap before GC invocations=18 (full 1):
 PSYoungGen      total 37888K, used 34880K [0x00000000e0000000, 0x00000000e2b80000, 0x0000000100000000)
  eden space 32256K, 100% used [0x00000000e0000000,0x00000000e1f80000,0x00000000e1f80000)
  from space 5632K, 46% used [0x00000000e2600000,0x00000000e2890000,0x00000000e2b80000)
  to   space 6144K, 0% used [0x00000000e1f80000,0x00000000e1f80000,0x00000000e2580000)
 ParOldGen       total 32768K, used 9342K [0x00000000a0000000, 0x00000000a2000000, 0x00000000e0000000)
  object space 32768K, 28% used [0x00000000a0000000,0x00000000a091fa70,0x00000000a2000000)
 Metaspace       used 31308K, capacity 31882K, committed 32128K, reserved 1077248K
  class space    used 4264K, capacity 4456K, committed 4480K, reserved 1048576K
Event: 41.116 GC heap after
Heap after GC invocations=18 (full 1):
 PSYoungGen      total 38400K, used 4006K [0x00000000e0000000, 0x00000000e3100000, 0x0000000100000000)
  eden space 32256K, 0% used [0x00000000e0000000,0x00000000e0000000,0x00000000e1f80000)
  from space 6144K, 65% used [0x00000000e1f80000,0x00000000e2369ae8,0x00000000e2580000)
  to   space 6144K, 0% used [0x00000000e2b00000,0x00000000e2b00000,0x00000000e3100000)
 ParOldGen       total 32768K, used 9350K [0x00000000a0000000, 0x00000000a2000000, 0x00000000e0000000)
  object space 32768K, 28% used [0x00000000a0000000,0x00000000a0921a70,0x00000000a2000000)
 Metaspace       used 31308K, capacity 31882K, committed 32128K, reserved 1077248K
  class space    used 4264K, capacity 4456K, committed 4480K, reserved 1048576K
}
Event: 54.876 GC heap before
{Heap before GC invocations=19 (full 1):
 PSYoungGen      total 38400K, used 24731K [0x00000000e0000000, 0x00000000e3100000, 0x0000000100000000)
  eden space 32256K, 64% used [0x00000000e0000000,0x00000000e143d290,0x00000000e1f80000)
  from space 6144K, 65% used [0x00000000e1f80000,0x00000000e2369ae8,0x00000000e2580000)
  to   space 6144K, 0% used [0x00000000e2b00000,0x00000000e2b00000,0x00000000e3100000)
 ParOldGen       total 32768K, used 9350K [0x00000000a0000000, 0x00000000a2000000, 0x00000000e0000000)
  object space 32768K, 28% used [0x00000000a0000000,0x00000000a0921a70,0x00000000a2000000)
 Metaspace       used 34505K, capacity 35226K, committed 35416K, reserved 1079296K
  class space    used 4686K, capacity 4985K, committed 4992K, reserved 1048576K
Event: 54.890 GC heap after
Heap after GC invocations=19 (full 1):
 PSYoungGen      total 43008K, used 6139K [0x00000000e0000000, 0x00000000e3280000, 0x0000000100000000)
  eden space 36864K, 0% used [0x00000000e0000000,0x00000000e0000000,0x00000000e2400000)
  from space 6144K, 99% used [0x00000000e2b00000,0x00000000e30feeb8,0x00000000e3100000)
  to   space 7168K, 0% used [0x00000000e2400000,0x00000000e2400000,0x00000000e2b00000)
 ParOldGen       total 32768K, used 9517K [0x00000000a0000000, 0x00000000a2000000, 0x00000000e0000000)
  object space 32768K, 29% used [0x00000000a0000000,0x00000000a094b7a8,0x00000000a2000000)
 Metaspace       used 34505K, capacity 35226K, committed 35416K, reserved 1079296K
  class space    used 4686K, capacity 4985K, committed 4992K, reserved 1048576K
}
Event: 54.890 GC heap before
{Heap before GC invocations=20 (full 2):
 PSYoungGen      total 43008K, used 6139K [0x00000000e0000000, 0x00000000e3280000, 0x0000000100000000)
  eden space 36864K, 0% used [0x00000000e0000000,0x00000000e0000000,0x00000000e2400000)
  from space 6144K, 99% used [0x00000000e2b00000,0x00000000e30feeb8,0x00000000e3100000)
  to   space 7168K, 0% used [0x00000000e2400000,0x00000000e2400000,0x00000000e2b00000)
 ParOldGen       total 32768K, used 9517K [0x00000000a0000000, 0x00000000a2000000, 0x00000000e0000000)
  object space 32768K, 29% used [0x00000000a0000000,0x00000000a094b7a8,0x00000000a2000000)
 Metaspace       used 34505K, capacity 35226K, committed 35416K, reserved 1079296K
  class space    used 4686K, capacity 4985K, committed 4992K, reserved 1048576K
Event: 55.199 GC heap after
Heap after GC invocations=20 (full 2):
 PSYoungGen      total 43008K, used 0K [0x00000000e0000000, 0x00000000e3280000, 0x0000000100000000)
  eden space 36864K, 0% used [0x00000000e0000000,0x00000000e0000000,0x00000000e2400000)
  from space 6144K, 0% used [0x00000000e2b00000,0x00000000e2b00000,0x00000000e3100000)
  to   space 7168K, 0% used [0x00000000e2400000,0x00000000e2400000,0x00000000e2b00000)
 ParOldGen       total 57856K, used 15095K [0x00000000a0000000, 0x00000000a3880000, 0x00000000e0000000)
  object space 57856K, 26% used [0x00000000a0000000,0x00000000a0ebdcc0,0x00000000a3880000)
 Metaspace       used 34505K, capacity 35226K, committed 35416K, reserved 1079296K
  class space    used 4686K, capacity 4985K, committed 4992K, reserved 1048576K
}

Deoptimization events (10 events):
Event: 51.349 Thread 0x000000001adb4800 Uncommon trap: reason=class_check action=maybe_recompile pc=0x0000000005982abc method=java.util.Hashtable.get(Ljava/lang/Object;)Ljava/lang/Object; @ 6
Event: 51.349 Thread 0x000000001adb4800 Uncommon trap: reason=class_check action=maybe_recompile pc=0x0000000005982abc method=java.util.Hashtable.get(Ljava/lang/Object;)Ljava/lang/Object; @ 6
Event: 52.093 Thread 0x000000001adb4800 Uncommon trap: reason=unstable_if action=reinterpret pc=0x00000000052b9878 method=java.lang.String.replace(CC)Ljava/lang/String; @ 2
Event: 52.120 Thread 0x000000001adb4800 Uncommon trap: reason=bimorphic action=maybe_recompile pc=0x00000000058fe434 method=org.codehaus.groovy.runtime.metaclass.MetaMethodIndex.addMethodToList(Ljava/lang/Object;Lgroovy/lang/MetaMethod;)Ljava/lang/Object; @ 96
Event: 52.122 Thread 0x000000001adb4800 Uncommon trap: reason=unstable_if action=reinterpret pc=0x00000000059c2b98 method=groovy.lang.MetaClassImpl$1MOPIter.methodNameAction(Ljava/lang/Class;Lorg/codehaus/groovy/runtime/metaclass/MetaMethodIndex$Entry;)V @ 259
Event: 54.041 Thread 0x000000001adb4800 Uncommon trap: reason=unstable_if action=reinterpret pc=0x0000000005a8de90 method=java.lang.Integer.valueOf(I)Ljava/lang/Integer; @ 3
Event: 54.045 Thread 0x000000001adb4800 Uncommon trap: reason=predicate action=maybe_recompile pc=0x0000000005944490 method=java.util.Arrays.binarySearch0([Ljava/lang/Object;IILjava/lang/Object;Ljava/util/Comparator;)I @ 28
Event: 54.648 Thread 0x000000001adb4800 Uncommon trap: reason=unstable_if action=reinterpret pc=0x000000000539e5dc method=sun.misc.MetaIndex.mayContain(Ljava/lang/String;)Z @ 38
Event: 56.977 Thread 0x000000001adb4800 Uncommon trap: reason=null_check action=make_not_entrant pc=0x00000000056edba4 method=java.lang.ThreadLocal$ThreadLocalMap.getEntryAfterMiss(Ljava/lang/ThreadLocal;ILjava/lang/ThreadLocal$ThreadLocalMap$Entry;)Ljava/lang/ThreadLocal$ThreadLocalMap$Entry; 
Event: 57.351 Thread 0x000000001adb4800 Uncommon trap: reason=unstable_if action=reinterpret pc=0x000000000593a260 method=java.util.concurrent.ConcurrentHashMap.get(Ljava/lang/Object;)Ljava/lang/Object; @ 152

Classes redefined (0 events):
No events

Internal exceptions (10 events):
Event: 52.147 Thread 0x000000001adb4800 Exception <a 'java/lang/ClassNotFoundException': org/gradle/api/internal/project/ant/BasicAntBuilderBeanInfo> (0x00000000e0ecfe68) thrown at [D:\src\AOSP-openjdk-cygwin\jdk8u\hotspot\src\share\vm\classfile\systemDictionary.cpp, line 210]
Event: 52.151 Thread 0x000000001adb4800 Exception <a 'java/lang/ClassNotFoundException': org/gradle/api/AntBuilderBeanInfo> (0x00000000e0ef0510) thrown at [D:\src\AOSP-openjdk-cygwin\jdk8u\hotspot\src\share\vm\classfile\systemDictionary.cpp, line 210]
Event: 52.152 Thread 0x000000001adb4800 Exception <a 'java/lang/ClassNotFoundException': groovy/util/AntBuilderBeanInfo> (0x00000000e0f0f678) thrown at [D:\src\AOSP-openjdk-cygwin\jdk8u\hotspot\src\share\vm\classfile\systemDictionary.cpp, line 210]
Event: 52.154 Thread 0x000000001adb4800 Exception <a 'java/lang/ClassNotFoundException': groovy/util/BuilderSupportBeanInfo> (0x00000000e0f2fce8) thrown at [D:\src\AOSP-openjdk-cygwin\jdk8u\hotspot\src\share\vm\classfile\systemDictionary.cpp, line 210]
Event: 52.155 Thread 0x000000001adb4800 Exception <a 'java/lang/ClassNotFoundException': groovy/util/BuilderSupportCustomizer> (0x00000000e0f52200) thrown at [D:\src\AOSP-openjdk-cygwin\jdk8u\hotspot\src\share\vm\classfile\systemDictionary.cpp, line 210]
Event: 52.158 Thread 0x000000001adb4800 Exception <a 'java/lang/ClassNotFoundException': groovy/util/AntBuilderCustomizer> (0x00000000e0f75528) thrown at [D:\src\AOSP-openjdk-cygwin\jdk8u\hotspot\src\share\vm\classfile\systemDictionary.cpp, line 210]
Event: 52.182 Thread 0x000000001adb4800 Exception <a 'java/lang/ClassNotFoundException': org/gradle/api/AntBuilderCustomizer> (0x00000000e0f9da60) thrown at [D:\src\AOSP-openjdk-cygwin\jdk8u\hotspot\src\share\vm\classfile\systemDictionary.cpp, line 210]
Event: 52.197 Thread 0x000000001adb4800 Exception <a 'java/lang/ClassNotFoundException': org/gradle/api/internal/project/ant/BasicAntBuilderCustomizer> (0x00000000e0fd9fa0) thrown at [D:\src\AOSP-openjdk-cygwin\jdk8u\hotspot\src\share\vm\classfile\systemDictionary.cpp, line 210]
Event: 52.202 Thread 0x000000001adb4800 Exception <a 'java/lang/ClassNotFoundException': org/gradle/api/internal/project/DefaultAntBuilderCustomizer> (0x00000000e101d088) thrown at [D:\src\AOSP-openjdk-cygwin\jdk8u\hotspot\src\share\vm\classfile\systemDictionary.cpp, line 210]
Event: 56.977 Thread 0x000000001adb4800 Implicit null exception at 0x00000000056edade to 0x00000000056edb81

Events (10 events):
Event: 57.847 loading class org/gradle/api/internal/plugins/DefaultArtifactPublicationSet
Event: 57.847 loading class org/gradle/api/internal/plugins/DefaultArtifactPublicationSet done
Event: 57.864 loading class org/gradle/api/plugins/BasePlugin$3
Event: 57.864 loading class org/gradle/api/plugins/BasePlugin$3 done
Event: 57.866 loading class org/gradle/api/plugins/BasePlugin$3$1
Event: 57.866 loading class org/gradle/api/plugins/BasePlugin$3$1 done
Event: 57.884 loading class org/gradle/model/internal/core/InstanceModelView
Event: 57.884 loading class org/gradle/model/internal/core/InstanceModelView done
Event: 57.889 loading class org/gradle/api/plugins/ReportingBasePlugin
Event: 57.889 loading class org/gradle/api/plugins/ReportingBasePlugin done


Dynamic libraries:
0x00007ff68dd10000 - 0x00007ff68dd41000 	C:\Program Files\Android\Android Studio\jre\bin\java.exe
0x00007ff831550000 - 0x00007ff831730000 	C:\WINDOWS\SYSTEM32\ntdll.dll
0x00007ff82eb20000 - 0x00007ff82ebce000 	C:\WINDOWS\System32\KERNEL32.DLL
0x00007ff82da00000 - 0x00007ff82dc66000 	C:\WINDOWS\System32\KERNELBASE.dll
0x00007ff82f580000 - 0x00007ff82f621000 	C:\WINDOWS\System32\ADVAPI32.dll
0x00007ff830d90000 - 0x00007ff830e2d000 	C:\WINDOWS\System32\msvcrt.dll
0x00007ff82eac0000 - 0x00007ff82eb1b000 	C:\WINDOWS\System32\sechost.dll
0x00007ff82f2b0000 - 0x00007ff82f3cf000 	C:\WINDOWS\System32\RPCRT4.dll
0x00007ff830e90000 - 0x00007ff83101f000 	C:\WINDOWS\System32\USER32.dll
0x00007ff82e660000 - 0x00007ff82e680000 	C:\WINDOWS\System32\win32u.dll
0x00007ff82f280000 - 0x00007ff82f2a8000 	C:\WINDOWS\System32\GDI32.dll
0x00007ff82e3c0000 - 0x00007ff82e553000 	C:\WINDOWS\System32\gdi32full.dll
0x00007ff82e700000 - 0x00007ff82e79b000 	C:\WINDOWS\System32\msvcp_win.dll
0x00007ff82e560000 - 0x00007ff82e656000 	C:\WINDOWS\System32\ucrtbase.dll
0x00007ff81bae0000 - 0x00007ff81bd49000 	C:\WINDOWS\WinSxS\amd64_microsoft.windows.common-controls_6595b64144ccf1df_6.0.16299.248_none_15ced204935f55d7\COMCTL32.dll
0x00007ff82ef70000 - 0x00007ff82f278000 	C:\WINDOWS\System32\combase.dll
0x00007ff82e680000 - 0x00007ff82e6f2000 	C:\WINDOWS\System32\bcryptPrimitives.dll
0x00007ff82f550000 - 0x00007ff82f57d000 	C:\WINDOWS\System32\IMM32.DLL
0x000000005ce90000 - 0x000000005cf62000 	C:\Program Files\Android\Android Studio\jre\jre\bin\msvcr100.dll
0x000000005cf70000 - 0x000000005d7ae000 	C:\Program Files\Android\Android Studio\jre\jre\bin\server\jvm.dll
0x00007ff830be0000 - 0x00007ff830be8000 	C:\WINDOWS\System32\PSAPI.DLL
0x00007ff81ea80000 - 0x00007ff81ea8a000 	C:\WINDOWS\SYSTEM32\VERSION.dll
0x00007ff829260000 - 0x00007ff829283000 	C:\WINDOWS\SYSTEM32\WINMM.dll
0x00007ff81e3d0000 - 0x00007ff81e3d9000 	C:\WINDOWS\SYSTEM32\WSOCK32.dll
0x00007ff82f3e0000 - 0x00007ff82f44c000 	C:\WINDOWS\System32\WS2_32.dll
0x00007ff829230000 - 0x00007ff82925a000 	C:\WINDOWS\SYSTEM32\winmmbase.dll
0x00007ff82d9b0000 - 0x00007ff82d9fa000 	C:\WINDOWS\System32\cfgmgr32.dll
0x00007ff8291c0000 - 0x00007ff8291cf000 	C:\Program Files\Android\Android Studio\jre\jre\bin\verify.dll
0x00007ff8249b0000 - 0x00007ff8249d9000 	C:\Program Files\Android\Android Studio\jre\jre\bin\java.dll
0x00007ff824990000 - 0x00007ff8249a6000 	C:\Program Files\Android\Android Studio\jre\jre\bin\zip.dll
0x00007ff82f7a0000 - 0x00007ff830bd6000 	C:\WINDOWS\System32\SHELL32.dll
0x00007ff831470000 - 0x00007ff831516000 	C:\WINDOWS\System32\shcore.dll
0x00007ff82dc70000 - 0x00007ff82e3b7000 	C:\WINDOWS\System32\windows.storage.dll
0x00007ff82f450000 - 0x00007ff82f4a1000 	C:\WINDOWS\System32\shlwapi.dll
0x00007ff82d930000 - 0x00007ff82d941000 	C:\WINDOWS\System32\kernel.appcore.dll
0x00007ff82d8c0000 - 0x00007ff82d90c000 	C:\WINDOWS\System32\powrprof.dll
0x00007ff82d8a0000 - 0x00007ff82d8bb000 	C:\WINDOWS\System32\profapi.dll
0x00007ff821550000 - 0x00007ff82156a000 	C:\Program Files\Android\Android Studio\jre\jre\bin\net.dll
0x00007ff82d130000 - 0x00007ff82d196000 	C:\WINDOWS\system32\mswsock.dll
0x00007ff8211d0000 - 0x00007ff8211e1000 	C:\Program Files\Android\Android Studio\jre\jre\bin\nio.dll
0x00007ff819fa0000 - 0x00007ff819fbe000 	C:\Users\eric\.gradle\native\25\windows-amd64\native-platform.dll
0x00007ff827a40000 - 0x00007ff827a4d000 	C:\Program Files\Android\Android Studio\jre\jre\bin\management.dll
0x00007ff82d2f0000 - 0x00007ff82d307000 	C:\WINDOWS\SYSTEM32\CRYPTSP.dll
0x00007ff82cd40000 - 0x00007ff82cd73000 	C:\WINDOWS\system32\rsaenh.dll
0x00007ff82d400000 - 0x00007ff82d425000 	C:\WINDOWS\SYSTEM32\bcrypt.dll
0x00007ff82d7d0000 - 0x00007ff82d7f9000 	C:\WINDOWS\SYSTEM32\USERENV.dll
0x00007ff82d310000 - 0x00007ff82d31b000 	C:\WINDOWS\SYSTEM32\CRYPTBASE.dll
0x00007ff82cec0000 - 0x00007ff82cef9000 	C:\WINDOWS\SYSTEM32\IPHLPAPI.DLL
0x00007ff82ece0000 - 0x00007ff82ece8000 	C:\WINDOWS\System32\NSI.dll
0x00007ff8279f0000 - 0x00007ff827a06000 	C:\WINDOWS\SYSTEM32\dhcpcsvc6.DLL
0x00007ff8279d0000 - 0x00007ff8279ea000 	C:\WINDOWS\SYSTEM32\dhcpcsvc.DLL

VM Arguments:
jvm_args: -Xmx1536m -Dfile.encoding=windows-1252 -Duser.country=US -Duser.language=en -Duser.variant 
java_command: org.gradle.launcher.daemon.bootstrap.GradleDaemon 4.1
java_class_path (initial): C:\Users\eric\.gradle\wrapper\dists\gradle-4.1-all\bzyivzo6n839fup2jbap0tjew\gradle-4.1\lib\gradle-launcher-4.1.jar
Launcher Type: SUN_STANDARD

Environment Variables:
PATH=C:\Python34\Lib\site-packages\PyQt4;C:\ProgramData\Oracle\Java\javapath;C:\WINDOWS\system32;C:\WINDOWS;C:\WINDOWS\System32\Wbem;C:\WINDOWS\System32\WindowsPowerShell\v1.0\;c:\Program Files (x86)\Microsoft SQL Server\100\Tools\Binn\;c:\Program Files\Microsoft SQL Server\100\Tools\Binn\;c:\Program Files\Microsoft SQL Server\100\DTS\Binn\;CC:\Python34\Lib;C:\wamp\bin\php\php5.6.19;;%PYTHON_HOME%\;%PYTHON_HOME%\Scripts\;C:\wamp\www\prox2\basic;C:\Program Files\Git\cmd;C:\Program Files\Microsoft SQL Server\120\Tools\Binn\;C:\Program Files (x86)\GtkSharp\2.12\bin;C:\Program Files (x86)\MySQL\MySQL Utilities 1.3.6\;C:\Program Files\Microsoft SQL Server\130\Tools\Binn\;C:\Program Files (x86)\Microsoft SQL Server\110\DTS\Binn\;C:\Program Files (x86)\Microsoft SQL Server\120\DTS\Binn\;C:\Program Files (x86)\Microsoft SQL Server\130\DTS\Binn\;C:\Program Files (x86)\Microsoft SQL Server\140\DTS\Binn\;C:\Program Files\nodejs\;C:\Program Files\Microsoft\Web Platform Installer\;C:\Program Files\dotnet\;C:\Program Files (x86)\Microsoft Emulator Manager\1.0\;C:\sqlite;C:\Program Files\MySQL\MySQL Server 5.5\bin;c:\Program Files (x86)\Microsoft SQL Server\110\Tools\Binn\;c:\Program Files (x86)\Microsoft SQL Server\110\Tools\Binn\ManagementStudio\;c:\Program Files (x86)\Microsoft Visual Studio 10.0\Common7\IDE\PrivateAssemblies\;C:\Program Files\Intel\WiFi\bin\;C:\Program Files\Common Files\Intel\WirelessCommon\;C:\Users\eric\AppData\Local\Programs\Python\Python35-32\Scripts\;C:\Users\eric\AppData\Local\Programs\Python\Python35-32\;C:\Program Files\Microsoft VS Code\bin;C:\Python34;C:\Users\eric\AppData\Roaming\Composer\vendor\bin;C:\Users\eric\AppData\Local\Microsoft\WindowsApps;C:\Users\eric\AppData\Roaming\npm;C:\sqlite;C:\Users\eric\.gradle\wrapper\dists\gradle-4.5.1-all\87kuriyahurjjkki3zii366f2;C:\Program Files\Intel\WiFi\bin\;C:\Program Files\Common Files\Intel\WirelessCommon\
USERNAME=eric
OS=Windows_NT
PROCESSOR_IDENTIFIER=Intel64 Family 6 Model 60 Stepping 3, GenuineIntel



---------------  S Y S T E M  ---------------

OS: Windows 10.0 , 64 bit Build 16299 (10.0.16299.15)

CPU:total 4 (initial active 4) (2 cores per cpu, 2 threads per core) family 6 model 60 stepping 3, cmov, cx8, fxsr, mmx, sse, sse2, sse3, ssse3, sse4.1, sse4.2, popcnt, avx, avx2, aes, clmul, erms, lzcnt, ht, tsc, tscinvbit, bmi1, bmi2

Memory: 4k page, physical 3873360k(277088k free), swap 8993360k(10404k free)

vm_info: OpenJDK 64-Bit Server VM (25.152-b01) for windows-amd64 JRE (1.8.0_152-release-915-b01), built by "builder" with MS VC++ 10.0 (VS2010)

time: Wed Mar 14 19:03:07 2018
elapsed time: 58 seconds (0d 0h 0m 58s)

